#-----------------------------------------------------------
# Vivado v2018.2.2 (64-bit)
# SW Build 2348494 on Mon Oct  1 18:25:44 MDT 2018
# IP Build 2318053 on Mon Oct  1 21:44:26 MDT 2018
# Start of session at: Tue Dec 25 18:40:31 2018
# Process ID: 15720
# Current directory: A:/Fpga ramp up/Mips-1 id
# Command line: vivado.exe -gui_launcher_event rodinguilauncherevent4248 A:\Fpga ramp up\Mips-1 id\MIPS.xpr
# Log file: A:/Fpga ramp up/Mips-1 id/vivado.log
# Journal file: A:/Fpga ramp up/Mips-1 id\vivado.jou
#-----------------------------------------------------------
start_gui
open_project {A:/Fpga ramp up/Mips-1 id/MIPS.xpr}
INFO: [Project 1-313] Project file moved from 'A:/Fpga ramp up/Mips-1' since last save.
Scanning sources...
Finished scanning sources
INFO: [IP_Flow 19-234] Refreshing IP repositories
INFO: [IP_Flow 19-1704] No user IP repositories specified
INFO: [IP_Flow 19-2313] Loaded Vivado IP repository 'A:/Xilinx/Vivado/2018.2/data/ip'.
open_project: Time (s): cpu = 00:00:12 ; elapsed = 00:00:06 . Memory (MB): peak = 846.289 ; gain = 116.074
update_compile_order -fileset sources_1
close [ open {A:/Fpga ramp up/Mips-1 id/MIPS.srcs/sources_1/new/instruction_decode.vhd} w ]
add_files {{A:/Fpga ramp up/Mips-1 id/MIPS.srcs/sources_1/new/instruction_decode.vhd}}
update_compile_order -fileset sources_1
exit
INFO: [Common 17-206] Exiting Vivado at Tue Dec 25 20:14:45 2018...
